0 info it worked if it ends with ok
1 verbose cli [ '/home/vitor/.nvm/versions/node/v6.10.3/bin/node',
1 verbose cli   '/home/vitor/.nvm/versions/node/v6.10.3/bin/npm',
1 verbose cli   'run',
1 verbose cli   'protractor' ]
2 info using npm@3.10.10
3 info using node@v6.10.3
4 verbose run-script [ 'preprotractor', 'protractor', 'postprotractor' ]
5 info lifecycle phonecat@0.0.0~preprotractor: phonecat@0.0.0
6 verbose lifecycle phonecat@0.0.0~preprotractor: unsafe-perm in lifecycle true
7 verbose lifecycle phonecat@0.0.0~preprotractor: PATH: /home/vitor/.nvm/versions/node/v6.10.3/lib/node_modules/npm/bin/node-gyp-bin:/home/vitor/Documents/projects/phonecat/node_modules/.bin:/home/vitor/.nvm/versions/node/v6.10.3/bin:/home/vitor/.local/share/umake/bin:/usr/local/sbin:/usr/local/bin:/usr/sbin:/usr/bin:/sbin:/bin:/usr/games:/usr/local/games:/snap/bin:/usr/lib/jvm/java-8-oracle/bin:/usr/lib/jvm/java-8-oracle/db/bin:/usr/lib/jvm/java-8-oracle/jre/bin
8 verbose lifecycle phonecat@0.0.0~preprotractor: CWD: /home/vitor/Documents/projects/phonecat
9 silly lifecycle phonecat@0.0.0~preprotractor: Args: [ '-c', 'npm run update-webdriver' ]
10 silly lifecycle phonecat@0.0.0~preprotractor: Returned: code: 0  signal: null
11 info lifecycle phonecat@0.0.0~protractor: phonecat@0.0.0
12 verbose lifecycle phonecat@0.0.0~protractor: unsafe-perm in lifecycle true
13 verbose lifecycle phonecat@0.0.0~protractor: PATH: /home/vitor/.nvm/versions/node/v6.10.3/lib/node_modules/npm/bin/node-gyp-bin:/home/vitor/Documents/projects/phonecat/node_modules/.bin:/home/vitor/.nvm/versions/node/v6.10.3/bin:/home/vitor/.local/share/umake/bin:/usr/local/sbin:/usr/local/bin:/usr/sbin:/usr/bin:/sbin:/bin:/usr/games:/usr/local/games:/snap/bin:/usr/lib/jvm/java-8-oracle/bin:/usr/lib/jvm/java-8-oracle/db/bin:/usr/lib/jvm/java-8-oracle/jre/bin
14 verbose lifecycle phonecat@0.0.0~protractor: CWD: /home/vitor/Documents/projects/phonecat
15 silly lifecycle phonecat@0.0.0~protractor: Args: [ '-c', 'protractor e2e-tests/protractor.conf.js' ]
16 silly lifecycle phonecat@0.0.0~protractor: Returned: code: 199  signal: null
17 info lifecycle phonecat@0.0.0~protractor: Failed to exec protractor script
18 verbose stack Error: phonecat@0.0.0 protractor: `protractor e2e-tests/protractor.conf.js`
18 verbose stack Exit status 199
18 verbose stack     at EventEmitter.<anonymous> (/home/vitor/.nvm/versions/node/v6.10.3/lib/node_modules/npm/lib/utils/lifecycle.js:255:16)
18 verbose stack     at emitTwo (events.js:106:13)
18 verbose stack     at EventEmitter.emit (events.js:191:7)
18 verbose stack     at ChildProcess.<anonymous> (/home/vitor/.nvm/versions/node/v6.10.3/lib/node_modules/npm/lib/utils/spawn.js:40:14)
18 verbose stack     at emitTwo (events.js:106:13)
18 verbose stack     at ChildProcess.emit (events.js:191:7)
18 verbose stack     at maybeClose (internal/child_process.js:886:16)
18 verbose stack     at Process.ChildProcess._handle.onexit (internal/child_process.js:226:5)
19 verbose pkgid phonecat@0.0.0
20 verbose cwd /home/vitor/Documents/projects/phonecat
21 error Linux 4.4.0-92-generic
22 error argv "/home/vitor/.nvm/versions/node/v6.10.3/bin/node" "/home/vitor/.nvm/versions/node/v6.10.3/bin/npm" "run" "protractor"
23 error node v6.10.3
24 error npm  v3.10.10
25 error code ELIFECYCLE
26 error phonecat@0.0.0 protractor: `protractor e2e-tests/protractor.conf.js`
26 error Exit status 199
27 error Failed at the phonecat@0.0.0 protractor script 'protractor e2e-tests/protractor.conf.js'.
27 error Make sure you have the latest version of node.js and npm installed.
27 error If you do, this is most likely a problem with the phonecat package,
27 error not with npm itself.
27 error Tell the author that this fails on your system:
27 error     protractor e2e-tests/protractor.conf.js
27 error You can get information on how to open an issue for this project with:
27 error     npm bugs phonecat
27 error Or if that isn't available, you can get their info via:
27 error     npm owner ls phonecat
27 error There is likely additional logging output above.
28 verbose exit [ 1, true ]
